2025-08-15 20:49:41,407 - root - INFO - Logging configurado. Nivel: INFO. Archivo de log: /app/api_workflow.log
2025-08-15 20:49:56,024 - dicom_processing_pipeline - INFO - Datos de calibración cargados desde /app/data/linearizacion.csv: 6 puntos.
2025-08-15 20:49:56,029 - fastapi - ERROR - Form data requires "python-multipart" to be installed.
You can install "python-multipart" with:

pip install python-multipart

2025-08-15 20:50:54,594 - root - INFO - Logging configurado. Nivel: INFO. Archivo de log: /app/api_workflow.log
2025-08-15 20:50:56,577 - dicom_processing_pipeline - INFO - Datos de calibración cargados desde /app/data/linearizacion.csv: 6 puntos.
2025-08-15 21:00:16,948 - root - INFO - Logging configurado. Nivel: INFO. Archivo de log: /app/api_workflow.log
2025-08-15 21:00:16,948 - __main__ - INFO - DEBUG: Logging configured.
2025-08-15 21:00:16,948 - __main__ - INFO - DEBUG: Loading global resources...
2025-08-15 21:00:16,949 - __main__ - INFO - DEBUG: Loading joblib models from /app/modelo_final...
2025-08-15 21:00:18,373 - __main__ - INFO - DEBUG: Joblib models loaded.
2025-08-15 21:00:18,373 - __main__ - INFO - DEBUG: Loading ResNet50 feature extractor...
2025-08-15 21:00:20,268 - __main__ - INFO - DEBUG: ResNet50 loaded.
2025-08-15 21:00:20,273 - dicom_processing_pipeline - INFO - Datos de calibración cargados desde /app/data/linearizacion.csv: 6 puntos.
2025-08-15 21:00:20,282 - __main__ - INFO - Starting FastAPI server...
2025-08-15 21:00:20,319 - root - INFO - Logging configurado. Nivel: INFO. Archivo de log: /app/api_workflow.log
2025-08-15 21:00:20,319 - api_main - INFO - DEBUG: Logging configured.
2025-08-15 21:00:20,319 - api_main - INFO - DEBUG: Loading global resources...
2025-08-15 21:00:20,319 - api_main - INFO - DEBUG: Loading joblib models from /app/modelo_final...
2025-08-15 21:00:20,322 - api_main - INFO - DEBUG: Joblib models loaded.
2025-08-15 21:00:20,322 - api_main - INFO - DEBUG: Loading ResNet50 feature extractor...
2025-08-15 21:00:21,560 - api_main - INFO - DEBUG: ResNet50 loaded.
2025-08-15 21:00:21,563 - dicom_processing_pipeline - INFO - Datos de calibración cargados desde /app/data/linearizacion.csv: 6 puntos.
2025-08-15 21:07:38,842 - root - INFO - Logging configurado. Nivel: INFO. Archivo de log: /app/api_workflow.log
2025-08-15 21:07:38,842 - api_main - INFO - DEBUG: Logging configured.
2025-08-15 21:07:38,842 - api_main - INFO - DEBUG: Loading global resources...
2025-08-15 21:07:38,842 - api_main - INFO - DEBUG: Loading joblib models from /app/modelo_final...
2025-08-15 21:07:38,845 - api_main - INFO - DEBUG: Joblib models loaded.
2025-08-15 21:07:38,845 - api_main - INFO - DEBUG: Loading ResNet50 feature extractor...
2025-08-15 21:07:40,169 - api_main - INFO - DEBUG: ResNet50 loaded.
2025-08-15 21:07:40,172 - dicom_processing_pipeline - INFO - Datos de calibración cargados desde /app/data/linearizacion.csv: 6 puntos.
2025-08-15 21:22:32,732 - root - INFO - Logging configurado. Nivel: INFO. Archivo de log: /app/api_workflow.log
2025-08-15 21:22:32,732 - __main__ - INFO - DEBUG: Logging configured.
2025-08-15 21:22:32,732 - __main__ - INFO - DEBUG: Loading global resources...
2025-08-15 21:22:32,732 - __main__ - INFO - DEBUG: Loading joblib models from /app/modelo_final...
2025-08-15 21:22:34,971 - __main__ - INFO - DEBUG: Joblib models loaded.
2025-08-15 21:22:34,971 - __main__ - INFO - DEBUG: Loading ResNet50 feature extractor...
2025-08-15 21:22:34,974 - __main__ - INFO - DEBUG: Using DUMMY ResNet50. Model loaded instantly.
2025-08-15 21:22:34,988 - dicom_processing_pipeline - INFO - Datos de calibración cargados desde /app/data/linearizacion.csv: 6 puntos.
2025-08-15 21:22:34,999 - __main__ - INFO - Starting FastAPI server...
2025-08-15 21:22:35,118 - root - INFO - Logging configurado. Nivel: INFO. Archivo de log: /app/api_workflow.log
2025-08-15 21:22:35,119 - api_main - INFO - DEBUG: Logging configured.
2025-08-15 21:22:35,119 - api_main - INFO - DEBUG: Loading global resources...
2025-08-15 21:22:35,119 - api_main - INFO - DEBUG: Loading joblib models from /app/modelo_final...
2025-08-15 21:22:35,168 - api_main - INFO - DEBUG: Joblib models loaded.
2025-08-15 21:22:35,168 - api_main - INFO - DEBUG: Loading ResNet50 feature extractor...
2025-08-15 21:22:35,169 - api_main - INFO - DEBUG: Using DUMMY ResNet50. Model loaded instantly.
2025-08-15 21:22:35,173 - dicom_processing_pipeline - INFO - Datos de calibración cargados desde /app/data/linearizacion.csv: 6 puntos.
2025-08-15 21:24:08,890 - root - INFO - Logging configurado. Nivel: INFO. Archivo de log: /app/api_workflow.log
2025-08-15 21:24:08,891 - __main__ - INFO - DEBUG: Logging configured.
2025-08-15 21:24:08,891 - __main__ - INFO - DEBUG: Loading global resources...
2025-08-15 21:24:08,891 - __main__ - INFO - DEBUG: Loading joblib models from /app/modelo_final...
2025-08-15 21:24:10,633 - __main__ - INFO - DEBUG: Joblib models loaded.
2025-08-15 21:24:10,633 - __main__ - INFO - DEBUG: Loading ResNet50 feature extractor...
2025-08-15 21:24:10,634 - __main__ - INFO - DEBUG: Using DUMMY ResNet50. Model loaded instantly.
2025-08-15 21:24:10,640 - dicom_processing_pipeline - INFO - Datos de calibración cargados desde /app/data/linearizacion.csv: 6 puntos.
2025-08-15 21:24:10,651 - __main__ - INFO - Starting FastAPI server...
2025-08-15 21:24:10,730 - root - INFO - Logging configurado. Nivel: INFO. Archivo de log: /app/api_workflow.log
2025-08-15 21:24:10,730 - api_main - INFO - DEBUG: Logging configured.
2025-08-15 21:24:10,730 - api_main - INFO - DEBUG: Loading global resources...
2025-08-15 21:24:10,730 - api_main - INFO - DEBUG: Loading joblib models from /app/modelo_final...
2025-08-15 21:24:10,768 - api_main - INFO - DEBUG: Joblib models loaded.
2025-08-15 21:24:10,769 - api_main - INFO - DEBUG: Loading ResNet50 feature extractor...
2025-08-15 21:24:10,769 - api_main - INFO - DEBUG: Using DUMMY ResNet50. Model loaded instantly.
2025-08-15 21:24:10,773 - dicom_processing_pipeline - INFO - Datos de calibración cargados desde /app/data/linearizacion.csv: 6 puntos.
